<?xml version="1.0" encoding="UTF-8"?>
<testng-results ignored="0" total="1" passed="1" failed="0" skipped="0">
  <reporter-output>
  </reporter-output>
  <suite started-at="2022-01-21T16:08:54 IST" name="Default suite" finished-at="2022-01-21T16:10:59 IST" duration-ms="125109">
    <groups>
    </groups>
    <test started-at="2022-01-21T16:08:54 IST" name="Default test" finished-at="2022-01-21T16:10:59 IST" duration-ms="125109">
      <class name="jenkins2.test2">
        <test-method signature="chrome()[pri:0, instance:jenkins2.test2@5fa07e12]" started-at="2022-01-21T16:08:54 IST" name="chrome" finished-at="2022-01-21T16:10:59 IST" duration-ms="124739" status="PASS">
          <reporter-output>
          </reporter-output>
        </test-method> <!-- chrome -->
      </class> <!-- jenkins2.test2 -->
    </test> <!-- Default test -->
  </suite> <!-- Default suite -->
</testng-results>
